*** Using Compiler 'V6.16', folder: 'D:\keil\MDK5\Keil_V5\ARM\ARMCLANG\Bin'
Build target 'L431_Phase'
compiling main.c...
compiling key.c...
compiling PID.c...
compiling My_Usart.C...
compiling delay.c...
compiling SPWM.c...
compiling GUI.c...
compiling gpio.c...
compiling spi.c...
compiling stm32l4xx_it.c...
compiling adc.c...
compiling usart.c...
compiling tim.c...
compiling Lcd_Driver.c...
compiling stm32l4xx_hal_msp.c...
linking...
Program Size: Code=29552 RO-data=1416 RW-data=16 ZI-data=5040  
FromELF: creating hex file...
"L431_Phase\L431_Phase.axf" - 0 Error(s), 0 Warning(s).
Build Time Elapsed:  00:00:05
